This is pdfTeX, Version 3.14159265-2.6-1.40.20 (TeX Live 2019/Debian) (preloaded format=pdflatex 2021.10.11)  22 NOV 2021 19:21
entering extended mode
 restricted \write18 enabled.
 %&-line parsing enabled.
**report.tex
(./report.tex
LaTeX2e <2020-02-02> patch level 2
L3 programming layer <2020-02-14>
(/usr/share/texlive/texmf-dist/tex/latex/base/report.cls
Document Class: report 2019/12/20 v1.4l Standard LaTeX document class
(/usr/share/texlive/texmf-dist/tex/latex/base/size12.clo
File: size12.clo 2019/12/20 v1.4l Standard LaTeX file (size option)
)
\c@part=\count167
\c@chapter=\count168
\c@section=\count169
\c@subsection=\count170
\c@subsubsection=\count171
\c@paragraph=\count172
\c@subparagraph=\count173
\c@figure=\count174
\c@table=\count175
\abovecaptionskip=\skip47
\belowcaptionskip=\skip48
\bibindent=\dimen134
)
(/usr/share/texlive/texmf-dist/tex/latex/base/inputenc.sty
Package: inputenc 2018/08/11 v1.3c Input encoding file
\inpenc@prehook=\toks14
\inpenc@posthook=\toks15
)
(/usr/share/texlive/texmf-dist/tex/latex/graphics/graphicx.sty
Package: graphicx 2019/11/30 v1.2a Enhanced LaTeX Graphics (DPC,SPQR)

(/usr/share/texlive/texmf-dist/tex/latex/graphics/keyval.sty
Package: keyval 2014/10/28 v1.15 key=value parser (DPC)
\KV@toks@=\toks16
)
(/usr/share/texlive/texmf-dist/tex/latex/graphics/graphics.sty
Package: graphics 2019/11/30 v1.4a Standard LaTeX Graphics (DPC,SPQR)

(/usr/share/texlive/texmf-dist/tex/latex/graphics/trig.sty
Package: trig 2016/01/03 v1.10 sin cos tan (DPC)
)
(/usr/share/texlive/texmf-dist/tex/latex/graphics-cfg/graphics.cfg
File: graphics.cfg 2016/06/04 v1.11 sample graphics configuration
)
Package graphics Info: Driver file: pdftex.def on input line 105.

(/usr/share/texlive/texmf-dist/tex/latex/graphics-def/pdftex.def
File: pdftex.def 2018/01/08 v1.0l Graphics/color driver for pdftex
))
\Gin@req@height=\dimen135
\Gin@req@width=\dimen136
)
(/usr/share/texlive/texmf-dist/tex/latex/tools/indentfirst.sty
Package: indentfirst 1995/11/23 v1.03 Indent first paragraph (DPC)
)
(/usr/share/texlive/texmf-dist/tex/latex/url/url.sty
\Urlmuskip=\muskip16
Package: url 2013/09/16  ver 3.4  Verb mode for urls, etc.
)
(/usr/share/texlive/texmf-dist/tex/latex/titling/titling.sty
Package: titling 2009/09/04 v2.1d maketitle typesetting
\thanksmarkwidth=\skip49
\thanksmargin=\skip50
\droptitle=\skip51
)
(/usr/share/texlive/texmf-dist/tex/latex/emptypage/emptypage.sty
Package: emptypage 2010/05/30 v1.2 Suppress page numbers and headings on empty 
pages
)
(/usr/share/texlive/texmf-dist/tex/latex/fancyhdr/fancyhdr.sty
Package: fancyhdr 2019/01/31 v3.10 Extensive control of page headers and footer
s
\f@nch@headwidth=\skip52
\f@nch@O@elh=\skip53
\f@nch@O@erh=\skip54
\f@nch@O@olh=\skip55
\f@nch@O@orh=\skip56
\f@nch@O@elf=\skip57
\f@nch@O@erf=\skip58
\f@nch@O@olf=\skip59
\f@nch@O@orf=\skip60
)
(/usr/share/texlive/texmf-dist/tex/latex/acro/acro.sty
(/usr/share/texlive/texmf-dist/tex/latex/l3kernel/expl3.sty
Package: expl3 2020-02-14 L3 programming layer (loader) 

(/usr/share/texlive/texmf-dist/tex/latex/l3backend/l3backend-pdfmode.def
File: l3backend-pdfmode.def 2020-02-03 L3 backend support: PDF mode
\l__kernel_color_stack_int=\count176
\l__pdf_internal_box=\box45
))
(/usr/share/texlive/texmf-dist/tex/latex/l3packages/xparse/xparse.sty
Package: xparse 2020-02-14 L3 Experimental document command parser
\l__xparse_current_arg_int=\count177
\g__xparse_grabber_int=\count178
\l__xparse_m_args_int=\count179
\l__xparse_v_nesting_int=\count180
)
(/usr/share/texlive/texmf-dist/tex/latex/l3packages/xtemplate/xtemplate.sty
Package: xtemplate 2020-02-14 L3 Experimental prototype document functions
\l__xtemplate_tmp_dim=\dimen137
\l__xtemplate_tmp_int=\count181
\l__xtemplate_tmp_muskip=\muskip17
\l__xtemplate_tmp_skip=\skip61
)
(/usr/share/texlive/texmf-dist/tex/latex/l3packages/l3keys2e/l3keys2e.sty
Package: l3keys2e 2020-02-14 LaTeX2e option processing using LaTeX3 keys
)
(/usr/share/texlive/texmf-dist/tex/latex/etoolbox/etoolbox.sty
Package: etoolbox 2019/09/21 v2.5h e-TeX tools for LaTeX (JAW)
\etb@tempcnta=\count182
)
Package: acro 2020/02/03 v2.11c Typeset Acronyms
\l__acro_tmpa_int=\count183
\l__acro_tmpb_int=\count184
\l__acro_tmpc_int=\count185
\l__acro_tmpd_int=\count186
\l__acro_page_space_skip=\skip62
\l__acro_short_width_dim=\dimen138
\g__acro_barrier_int=\count187

Package xtemplate Info: Declaring object type 'acro-first' taking 2
(xtemplate)             argument(s) on line 912.


Package xtemplate Info: Declaring object type 'acro-extra' taking 1
(xtemplate)             argument(s) on line 1041.


(/usr/share/texlive/texmf-dist/tex/latex/zref/zref-abspage.sty
Package: zref-abspage 2019/11/29 v2.28 Module abspage for zref (HO)

(/usr/share/texlive/texmf-dist/tex/latex/zref/zref-base.sty
Package: zref-base 2019/11/29 v2.28 Module base for zref (HO)

(/usr/share/texlive/texmf-dist/tex/generic/ltxcmds/ltxcmds.sty
Package: ltxcmds 2019/12/15 v1.24 LaTeX kernel commands for general use (HO)
)
(/usr/share/texlive/texmf-dist/tex/generic/infwarerr/infwarerr.sty
Package: infwarerr 2019/12/03 v1.5 Providing info/warning/error messages (HO)
)
(/usr/share/texlive/texmf-dist/tex/generic/kvsetkeys/kvsetkeys.sty
Package: kvsetkeys 2019/12/15 v1.18 Key value parser (HO)
)
(/usr/share/texlive/texmf-dist/tex/generic/kvdefinekeys/kvdefinekeys.sty
Package: kvdefinekeys 2019-12-19 v1.6 Define keys (HO)
)
(/usr/share/texlive/texmf-dist/tex/latex/pdftexcmds/pdftexcmds.sty
Package: pdftexcmds 2019/11/24 v0.31 Utility functions of pdfTeX for LuaTeX (HO
)

(/usr/share/texlive/texmf-dist/tex/generic/iftex/iftex.sty
Package: iftex 2019/11/07 v1.0c TeX engine tests
)
Package pdftexcmds Info: \pdf@primitive is available.
Package pdftexcmds Info: \pdf@ifprimitive is available.
Package pdftexcmds Info: \pdfdraftmode found.
)
(/usr/share/texlive/texmf-dist/tex/generic/etexcmds/etexcmds.sty
Package: etexcmds 2019/12/15 v1.7 Avoid name clashes with e-TeX commands (HO)
)
(/usr/share/texlive/texmf-dist/tex/latex/auxhook/auxhook.sty
Package: auxhook 2019-12-17 v1.6 Hooks for auxiliary files (HO)
)
Package zref Info: New property list: main on input line 763.
Package zref Info: New property: default on input line 764.
Package zref Info: New property: page on input line 765.
)
(/usr/share/texlive/texmf-dist/tex/generic/atbegshi/atbegshi.sty
Package: atbegshi 2019/12/05 v1.19 At begin shipout hook (HO)
)
\c@abspage=\count188
Package zref Info: New property: abspage on input line 66.
)

Package xtemplate Info: Declaring object type 'acro-page-number' taking 1
(xtemplate)             argument(s) on line 1271.


Package xtemplate Info: Declaring object type 'acro-title' taking 1
(xtemplate)             argument(s) on line 1340.


Package xtemplate Info: Declaring object type 'acro-list' taking 2 argument(s)
(xtemplate)             on line 1378.


(/usr/share/texlive/texmf-dist/tex/latex/translations/translations.sty
Package: translations 2017/08/31 v1.7a internationalization of LaTeX2e packages
 (CN)

(/usr/share/texlive/texmf-dist/tex/latex/koma-script/scrlfile.sty
Package: scrlfile 2020/01/24 v3.29 KOMA-Script package (loading files)
))
(/usr/share/texlive/texmf-dist/tex/latex/acro/acro.definitions.tex))
(/usr/share/texlive/texmf-dist/tex/latex/graphics/lscape.sty
Package: lscape 2000/10/22 v3.01 Landscape Pages (DPC)
) (./acronyms.tex)
Package translations Info: No language package found. I am going to use `englis
h' as default language. on input line 60.

(./report.aux

LaTeX Warning: Label `table:data' multiply defined.


LaTeX Warning: Label `table:data' multiply defined.

)
\openout1 = `report.aux'.

LaTeX Font Info:    Checking defaults for OML/cmm/m/it on input line 60.
LaTeX Font Info:    ... okay on input line 60.
LaTeX Font Info:    Checking defaults for OMS/cmsy/m/n on input line 60.
LaTeX Font Info:    ... okay on input line 60.
LaTeX Font Info:    Checking defaults for OT1/cmr/m/n on input line 60.
LaTeX Font Info:    ... okay on input line 60.
LaTeX Font Info:    Checking defaults for T1/cmr/m/n on input line 60.
LaTeX Font Info:    ... okay on input line 60.
LaTeX Font Info:    Checking defaults for TS1/cmr/m/n on input line 60.
LaTeX Font Info:    ... okay on input line 60.
LaTeX Font Info:    Checking defaults for OMX/cmex/m/n on input line 60.
LaTeX Font Info:    ... okay on input line 60.
LaTeX Font Info:    Checking defaults for U/cmr/m/n on input line 60.
LaTeX Font Info:    ... okay on input line 60.
 (/usr/share/texlive/texmf-dist/tex/context/base/mkii/supp-pdf.mkii
[Loading MPS to PDF converter (version 2006.09.02).]
\scratchcounter=\count189
\scratchdimen=\dimen139
\scratchbox=\box46
\nofMPsegments=\count190
\nofMParguments=\count191
\everyMPshowfont=\toks17
\MPscratchCnt=\count192
\MPscratchDim=\dimen140
\MPnumerator=\count193
\makeMPintoPDFobject=\count194
\everyMPtoPDFconversion=\toks18
) (/usr/share/texlive/texmf-dist/tex/latex/epstopdf-pkg/epstopdf-base.sty
Package: epstopdf-base 2020-01-24 v2.11 Base part for package epstopdf
Package epstopdf-base Info: Redefining graphics rule for `.eps' on input line 4
85.

(/usr/share/texlive/texmf-dist/tex/latex/latexconfig/epstopdf-sys.cfg
File: epstopdf-sys.cfg 2010/07/13 v1.3 Configuration of (r)epstopdf for TeX Liv
e
))
\AtBeginShipoutBox=\box47

(/usr/share/texlive/texmf-dist/tex/latex/translations/translations-basic-dictio
nary-english.trsl
File: translations-basic-dictionary-english.trsl (english translation file `tra
nslations-basic-dictionary')
)
Package translations Info: loading dictionary `translations-basic-dictionary' f
or `english'. on input line 60.
<./images/EEUMLOGO.png, id=1, 301.125pt x 273.02pt>
File: ./images/EEUMLOGO.png Graphic file (type png)
<use ./images/EEUMLOGO.png>
Package pdftex.def Info: ./images/EEUMLOGO.png  used on input line 64.
(pdftex.def)             Requested size: 136.50238pt x 123.76604pt.
LaTeX Font Info:    External font `cmex10' loaded for size
(Font)              <14.4> on input line 67.
LaTeX Font Info:    External font `cmex10' loaded for size
(Font)              <7> on input line 67.
 [1

{/var/lib/texmf/fonts/map/pdftex/updmap/pdftex.map} <./images/EEUMLOGO.png>] (.
/report.toc
LaTeX Font Info:    External font `cmex10' loaded for size
(Font)              <12> on input line 1.
LaTeX Font Info:    External font `cmex10' loaded for size
(Font)              <8> on input line 1.
LaTeX Font Info:    External font `cmex10' loaded for size
(Font)              <6> on input line 1.
)
\tf@toc=\write3
\openout3 = `report.toc'.

 [1


] (./report.lof)
\tf@lof=\write4
\openout4 = `report.lof'.

 [2



] [3

]
Chapter 1.
(./texts/problem_statement.tex [1

])

Package Fancyhdr Warning: \headheight is too small (12.0pt): 
Make it at least 14.49998pt.
We now make it that large for the rest of the document.
This may cause the page layout to be inconsistent, however.

[2

]
Chapter 2.
(./texts/market_research.tex
<./images//02market_research/smart_cities_market.jpg, id=27, 458.46281pt x 261.
22594pt>
File: ./images//02market_research/smart_cities_market.jpg Graphic file (type jp
g)
<use ./images//02market_research/smart_cities_market.jpg>
Package pdftex.def Info: ./images//02market_research/smart_cities_market.jpg  u
sed on input line 8.
(pdftex.def)             Requested size: 331.50238pt x 188.89166pt.
 [3

 <./images//02market_research/smart_cities_market.jpg>]
<./images//02market_research/applications_for_smart_cities.png, id=32, 1239.631
26pt x 423.5825pt>
File: ./images//02market_research/applications_for_smart_cities.png Graphic fil
e (type png)
<use ./images//02market_research/applications_for_smart_cities.png>
Package pdftex.def Info: ./images//02market_research/applications_for_smart_cit
ies.png  used on input line 19.
(pdftex.def)             Requested size: 390.0pt x 133.26114pt.
 [4 <./images//02market_research/applications_for_smart_cities.png>]
<./images//02market_research/telensa.png, id=37, 602.25pt x 401.5pt>
File: ./images//02market_research/telensa.png Graphic file (type png)
<use ./images//02market_research/telensa.png>
Package pdftex.def Info: ./images//02market_research/telensa.png  used on input
 line 39.
(pdftex.def)             Requested size: 312.00119pt x 208.00926pt.
<./images//02market_research/intelilight.png, id=38, 1254.6875pt x 627.34375pt>

File: ./images//02market_research/intelilight.png Graphic file (type png)
<use ./images//02market_research/intelilight.png>
Package pdftex.def Info: ./images//02market_research/intelilight.png  used on i
nput line 51.
(pdftex.def)             Requested size: 370.49881pt x 185.24667pt.

[5 <./images//02market_research/telensa.png (PNG copy)>]
<./images//02market_research/intuvision.png, id=42, 1336.24219pt x 813.0375pt>
File: ./images//02market_research/intuvision.png Graphic file (type png)
<use ./images//02market_research/intuvision.png>
Package pdftex.def Info: ./images//02market_research/intuvision.png  used on in
put line 64.
(pdftex.def)             Requested size: 312.00119pt x 189.83565pt.
) [6 <./images//02market_research/intelilight.png>] [7 <./images//02market_rese
arch/intuvision.png>]
(./texts/system.tex
<./images/03system_overview/system_overview.png, id=51, 912.40875pt x 919.435pt
>
File: ./images/03system_overview/system_overview.png Graphic file (type png)
<use ./images/03system_overview/system_overview.png>
Package pdftex.def Info: ./images/03system_overview/system_overview.png  used o
n input line 6.
(pdftex.def)             Requested size: 390.0pt x 392.9924pt.
 [8

 <./images/03system_overview/system_overview.png>]
[9] [10] [11]
<./images/03system_overview/hw_arch.png, id=67, 1477.52pt x 747.79375pt>
File: ./images/03system_overview/hw_arch.png Graphic file (type png)
<use ./images/03system_overview/hw_arch.png>
Package pdftex.def Info: ./images/03system_overview/hw_arch.png  used on input 
line 74.
(pdftex.def)             Requested size: 390.0pt x 197.37708pt.
 [12

 <./images/03system_overview/hw_arch.png>]
<./images/03system_overview/sw_arch.png, id=72, 593.21625pt x 302.12875pt>
File: ./images/03system_overview/sw_arch.png Graphic file (type png)
<use ./images/03system_overview/sw_arch.png>
Package pdftex.def Info: ./images/03system_overview/sw_arch.png  used on input 
line 92.
(pdftex.def)             Requested size: 390.0pt x 198.6357pt.
)

LaTeX Warning: `h' float specifier changed to `ht'.

[13 <./images/03system_overview/sw_arch.png>] [14] (./texts/gantt_chart.tex
<./images/Gantt_chart.png, id=80, 1239.63126pt x 649.42625pt>
File: ./images/Gantt_chart.png Graphic file (type png)
<use ./images/Gantt_chart.png>
Package pdftex.def Info: ./images/Gantt_chart.png  used on input line 7.
(pdftex.def)             Requested size: 390.0pt x 204.3127pt.
)
(./report.bbl [15

 <./images/Gantt_chart.png>]
Underfull \hbox (badness 2020) in paragraph at lines 25--28
[]\OT1/cmr/m/n/12 libelium, ``Iot so-lu-tions smart cities,'' $https : / / www 
. libelium . com /
 []


Underfull \hbox (badness 10000) in paragraph at lines 30--34
[]\OT1/cmr/m/n/12 C. Hel-man, ``En-ergy cri-sis 2021: How bad is
 []


Underfull \hbox (badness 10000) in paragraph at lines 30--34
\OT1/cmr/m/n/12 it, and how long will it last?'' \OT1/cmr/m/it/12 Forbes\OT1/cm
r/m/n/12 , 2021,
 []


Underfull \hbox (badness 10000) in paragraph at lines 30--34
\OT1/cmr/m/n/12 https://www.forbes.com/sites/christopherhelman/2021/10/19/energ
y-
 []


Underfull \hbox (badness 10000) in paragraph at lines 30--34
\OT1/cmr/m/n/12 crisis-2021-how-bad-is-it-and-how-long-will-it-last/?sh=6a5feff
14c63
 []


Underfull \hbox (badness 1033) in paragraph at lines 36--38
[]\OT1/cmr/m/n/12 H. Ritchie and M. Roser, ``En-ergy,'' \OT1/cmr/m/it/12 Our Wo
rld in Data\OT1/cmr/m/n/12 , 2020,
 []


Underfull \hbox (badness 3375) in paragraph at lines 40--43
[]\OT1/cmr/m/n/12 ``Cars parked 23 hours a day,'' $https : / / www . racfoundat
ion . org /
 []


Underfull \hbox (badness 1454) in paragraph at lines 45--48
[]\OT1/cmr/m/n/12 R. Pi, ``Rasp-berry pi 4,'' $https : / / www . raspberrypi . 
com / products /
 []


Underfull \hbox (badness 3158) in paragraph at lines 55--58
[]\OT1/cmr/m/n/12 MarketsandMarkets, ``Smart cities mar-ket,'' 2021, $https : /
 / www .
 []


Underfull \hbox (badness 10000) in paragraph at lines 55--58
\OT1/cmr/m/n/12 marketsandmarkets . com / Market-[]Reports / smart-[]cities-[]m
arket-[]542 .
 []


Underfull \hbox (badness 10000) in paragraph at lines 60--64
[]\OT1/cmr/m/n/12 M. In-tel-li-gence, ``Global con-nected street light-ing mar-
ket
 []


Underfull \hbox (badness 10000) in paragraph at lines 60--64
\OT1/cmr/m/n/12 - growth, trends, covid-19 im-pact, and fore-casts (2021 -
 []


Underfull \hbox (badness 10000) in paragraph at lines 60--64
\OT1/cmr/m/n/12 2026),'' $https : / / www . mordorintelligence . com / industry
-[]reports /
 []

[16

]
Underfull \hbox (badness 10000) in paragraph at lines 75--78
\OT1/cmr/m/n/12 databridgemarketresearch . com / reports / global-[]smart-[]par
king-[]market$
 []


Underfull \hbox (badness 1762) in paragraph at lines 80--83
[]\OT1/cmr/m/n/12 ``intuvision park-ing,'' $https : / / www . intuvisiontech . 
com / intuvisionVA[]
 []

) [17] (./report.aux)

LaTeX Warning: There were multiply-defined labels.

 ) 
Here is how much of TeX's memory you used:
 6413 strings out of 481239
 146701 string characters out of 5920376
 379142 words of memory out of 5000000
 21572 multiletter control sequences out of 15000+600000
 539403 words of font info for 47 fonts, out of 8000000 for 9000
 1141 hyphenation exceptions out of 8191
 43i,10n,47p,1209b,395s stack positions out of 5000i,500n,10000p,200000b,80000s
{/usr/share/texmf/fonts/enc/dvips/cm-super/cm-super-ts1.enc}</usr/share/texli
ve/texmf-dist/fonts/type1/public/amsfonts/cm/cmbx12.pfb></usr/share/texlive/tex
mf-dist/fonts/type1/public/amsfonts/cm/cmr10.pfb></usr/share/texlive/texmf-dist
/fonts/type1/public/amsfonts/cm/cmr12.pfb></usr/share/texlive/texmf-dist/fonts/
type1/public/amsfonts/cm/cmti12.pfb></usr/share/texmf/fonts/type1/public/cm-sup
er/sfrm1200.pfb>
Output written on report.pdf (21 pages, 3669723 bytes).
PDF statistics:
 112 PDF objects out of 1000 (max. 8388607)
 65 compressed objects within 1 object stream
 0 named destinations out of 1000 (max. 500000)
 51 words of extra memory for PDF output out of 10000 (max. 10000000)

